<?xml version="1.0" encoding="UTF-8"?>
<testng-results ignored="0" total="2" passed="2" failed="0" skipped="0">
  <reporter-output>
  </reporter-output>
  <suite started-at="2022-08-05T19:01:11 IST" name="Suite" finished-at="2022-08-05T19:01:25 IST" duration-ms="14116">
    <groups>
    </groups>
    <test started-at="2022-08-05T19:01:11 IST" name="Test" finished-at="2022-08-05T19:01:25 IST" duration-ms="14116">
      <class name="testBaseExecution.TC01">
        <test-method is-config="true" signature="beforeMethod1(java.lang.String)[pri:0, instance:testBaseExecution.TC01@2053d869]" started-at="2022-08-05T19:01:11 IST" name="beforeMethod1" finished-at="2022-08-05T19:01:18 IST" duration-ms="7254" status="PASS">
          <params>
            <param index="0">
              <value>
                <![CDATA[chrome]]>
              </value>
            </param>
          </params>
          <reporter-output>
          </reporter-output>
        </test-method> <!-- beforeMethod1 -->
        <test-method signature="method1()[pri:0, instance:testBaseExecution.TC01@2053d869]" started-at="2022-08-05T19:01:18 IST" name="method1" finished-at="2022-08-05T19:01:18 IST" duration-ms="16" status="PASS">
          <reporter-output>
          </reporter-output>
        </test-method> <!-- method1 -->
        <test-method is-config="true" signature="afterMethod()[pri:0, instance:testBaseExecution.TC01@2053d869]" started-at="2022-08-05T19:01:18 IST" name="afterMethod" finished-at="2022-08-05T19:01:18 IST" duration-ms="0" status="PASS">
          <reporter-output>
          </reporter-output>
        </test-method> <!-- afterMethod -->
      </class> <!-- testBaseExecution.TC01 -->
      <class name="testBaseExecution.TC04">
        <test-method is-config="true" signature="beforeMethod1(java.lang.String)[pri:0, instance:testBaseExecution.TC04@4738a206]" started-at="2022-08-05T19:01:18 IST" name="beforeMethod1" finished-at="2022-08-05T19:01:24 IST" duration-ms="5864" status="PASS">
          <params>
            <param index="0">
              <value>
                <![CDATA[chrome]]>
              </value>
            </param>
          </params>
          <reporter-output>
          </reporter-output>
        </test-method> <!-- beforeMethod1 -->
        <test-method signature="method4()[pri:0, instance:testBaseExecution.TC04@4738a206]" started-at="2022-08-05T19:01:24 IST" name="method4" finished-at="2022-08-05T19:01:25 IST" duration-ms="906" status="PASS">
          <reporter-output>
          </reporter-output>
        </test-method> <!-- method4 -->
        <test-method is-config="true" signature="afterMethod()[pri:0, instance:testBaseExecution.TC04@4738a206]" started-at="2022-08-05T19:01:25 IST" name="afterMethod" finished-at="2022-08-05T19:01:25 IST" duration-ms="0" status="PASS">
          <reporter-output>
          </reporter-output>
        </test-method> <!-- afterMethod -->
      </class> <!-- testBaseExecution.TC04 -->
    </test> <!-- Test -->
  </suite> <!-- Suite -->
</testng-results>
